C:\USERS\JACK\DOCUMENTS\GITHUB\SNAKE\SNAKE\SNAKE\DEBUG\VC110.PDB
C:\USERS\JACK\DOCUMENTS\GITHUB\SNAKE\SNAKE\SNAKE\DEBUG\SNAKE.OBJ
C:\USERS\JACK\DOCUMENTS\GITHUB\SNAKE\SNAKE\DEBUG\SNAKE.ILK
C:\USERS\JACK\DOCUMENTS\GITHUB\SNAKE\SNAKE\DEBUG\SNAKE.EXE
C:\USERS\JACK\DOCUMENTS\GITHUB\SNAKE\SNAKE\DEBUG\SNAKE.PDB
C:\Users\Jack\Documents\GitHub\Snake\Snake\Snake\Debug\snake.obj
C:\Users\Jack\Documents\GitHub\Snake\Snake\Snake\Debug\cl.command.1.tlog
C:\Users\Jack\Documents\GitHub\Snake\Snake\Snake\Debug\CL.read.1.tlog
C:\Users\Jack\Documents\GitHub\Snake\Snake\Snake\Debug\CL.write.1.tlog
C:\Users\Jack\Documents\GitHub\Snake\Snake\Snake\Debug\link-cvtres.read.1.tlog
C:\Users\Jack\Documents\GitHub\Snake\Snake\Snake\Debug\link-cvtres.write.1.tlog
C:\Users\Jack\Documents\GitHub\Snake\Snake\Snake\Debug\link-rc.read.1.tlog
C:\Users\Jack\Documents\GitHub\Snake\Snake\Snake\Debug\link-rc.write.1.tlog
C:\Users\Jack\Documents\GitHub\Snake\Snake\Snake\Debug\link.4620-cvtres.read.1.tlog
C:\Users\Jack\Documents\GitHub\Snake\Snake\Snake\Debug\link.4620-cvtres.write.1.tlog
C:\Users\Jack\Documents\GitHub\Snake\Snake\Snake\Debug\link.4620-rc.read.1.tlog
C:\Users\Jack\Documents\GitHub\Snake\Snake\Snake\Debug\link.4620-rc.write.1.tlog
C:\Users\Jack\Documents\GitHub\Snake\Snake\Snake\Debug\link.4620.read.1.tlog
C:\Users\Jack\Documents\GitHub\Snake\Snake\Snake\Debug\link.4620.write.1.tlog
C:\Users\Jack\Documents\GitHub\Snake\Snake\Snake\Debug\link.command.1.tlog
C:\Users\Jack\Documents\GitHub\Snake\Snake\Snake\Debug\link.read.1.tlog
C:\Users\Jack\Documents\GitHub\Snake\Snake\Snake\Debug\link.write.1.tlog
C:\Users\Jack\Documents\GitHub\Snake\Snake\Snake\Debug\vc110.idb
C:\Users\Jack\Documents\GitHub\Snake\Snake\Snake\Debug\vc110.pdb
C:\Users\Jack\Documents\GitHub\Snake\Snake\Debug\Snake.pdb
C:\Users\Jack\Documents\GitHub\Snake\Snake\Debug\Snake.exe
C:\Users\Jack\Documents\GitHub\Snake\Snake\Debug\Snake.ilk
